
state 0
	$accept: .Input $end 
	Input: .    (1)

	.  reduce 1 (src line 43)

	Input  goto 1

state 1
	$accept:  Input.$end 
	Input:  Input.Type 

	$end  accept
	INT  shift 3
	BOOL  shift 7
	FLOAT  shift 4
	CHAR  shift 5
	STRING  shift 6
	IDENT  shift 8
	.  error

	Type  goto 2

state 2
	Input:  Input Type.    (2)

	.  reduce 2 (src line 44)


state 3
	Type:  INT.';' 

	';'  shift 9
	.  error


state 4
	Type:  FLOAT.';' 

	';'  shift 10
	.  error


state 5
	Type:  CHAR.';' 

	';'  shift 11
	.  error


state 6
	Type:  STRING.';' 

	';'  shift 12
	.  error


state 7
	Type:  BOOL.';' 

	';'  shift 13
	.  error


state 8
	Type:  IDENT.'}' 

	'}'  shift 14
	.  error


state 9
	Type:  INT ';'.    (3)

	.  reduce 3 (src line 46)


state 10
	Type:  FLOAT ';'.    (4)

	.  reduce 4 (src line 47)


state 11
	Type:  CHAR ';'.    (5)

	.  reduce 5 (src line 48)


state 12
	Type:  STRING ';'.    (6)

	.  reduce 6 (src line 49)


state 13
	Type:  BOOL ';'.    (7)

	.  reduce 7 (src line 50)


state 14
	Type:  IDENT '}'.    (8)

	.  reduce 8 (src line 51)


12 terminals, 3 nonterminals
9 grammar rules, 15/8000 states
0 shift/reduce, 0 reduce/reduce conflicts reported
52 working sets used
memory: parser 1/120000
0 extra closures
12 shift entries, 1 exceptions
2 goto entries
0 entries saved by goto default
Optimizer space used: output 14/120000
14 table entries, 0 zero
maximum spread: 12, maximum offset: 12
